{"level":"error","message":"error"}
{"level":"warn","message":"warn"}
{"level":"info","message":"info"}
{"level":"info","message":"server started on port 8080"}
{"level":"error","message":"error"}
{"level":"warn","message":"warn"}
{"level":"info","message":"info"}
{"level":"info","message":"server started on port 8080"}
error - error 
warn - warn 
info - info 
info - server started on port 8080 
[error] - error 
[warn] - warn 
[info] - info 
[info] - server started on port 8080 
[error  ] - error 
[warn   ] - warn 
[info   ] - info 
[info   ] - server started on port 8080 
[error  ] - error 
[warn   ] - warn 
[info   ] - info 
[info   ] - server started on port 8080 
[error  ] - error 
[warn   ] - warn 
[info   ] - info 
[info   ] - server started on port 8080 
[error  ] - error 
[warn   ] - warn 
[info   ] - info 
[info   ] - server started on port 8080 
[error  ] - error 
[warn   ] - warn 
[info   ] - info 
[info   ] - server started on port 8080 
2022-11-04T16:27:35.270Z  [error  ] - error 
2022-11-04T16:27:35.271Z  [warn   ] - warn 
2022-11-04T16:27:35.272Z  [info   ] - info 
2022-11-04T16:27:35.275Z  [info   ] - server started on port 8080 
2022-11-04T16:27:48.750Z - [error  ] - error 
2022-11-04T16:27:48.752Z - [warn   ] - warn 
2022-11-04T16:27:48.752Z - [info   ] - info 
2022-11-04T16:27:48.756Z - [info   ] - server started on port 8080 
2022-11-04T16:32:13.301Z - [error  ] - error 
2022-11-04T16:32:13.303Z - [warn   ] - warn 
2022-11-04T16:32:13.303Z - [info   ] - info 
2022-11-04T16:32:13.307Z - [info   ] - server started on port 8080 
2022-11-04T16:33:03.593Z - [[31merror[39m] - [31merror[39m 
2022-11-04T16:33:03.595Z - [[33mwarn[39m] - [33mwarn[39m 
2022-11-04T16:33:03.595Z - [[32minfo[39m] - [32minfo[39m 
2022-11-04T16:33:03.598Z - [[32minfo[39m] - [32mserver started on port 8080[39m 
2022-11-04T16:42:41.669Z - [[31merror[39m] - [31merror[39m 
2022-11-04T16:42:41.671Z - [[33mwarn[39m] - [33mwarn[39m 
2022-11-04T16:42:41.671Z - [[32minfo[39m] - [32minfo[39m 
2022-11-04T16:42:41.675Z - [[32minfo[39m] - [32mserver started on port 8080[39m 
2022-11-04T16:44:37.766Z - [[31merror[39m] - [31merror[39m 
2022-11-04T16:44:37.767Z - [[33mwarn[39m] - [33mwarn[39m 
2022-11-04T16:44:37.768Z - [[32minfo[39m] - [32minfo[39m 
2022-11-04T16:44:37.771Z - [[32minfo[39m] - [32mserver started on port 8080[39m 
2022-11-04T16:45:16.328Z - [[31merror[39m] - [31merror[39m 
2022-11-04T16:45:16.330Z - [[33mwarn[39m] - [33mwarn[39m 
2022-11-04T16:45:16.330Z - [[32minfo[39m] - [32minfo[39m 
2022-11-04T16:45:16.334Z - [[32minfo[39m] - [32mserver started on port 8080[39m 
2022-11-04T16:45:21.241Z - [[31merror[39m] - [31merror[39m 
2022-11-04T16:45:21.243Z - [[33mwarn[39m] - [33mwarn[39m 
2022-11-04T16:45:21.244Z - [[32minfo[39m] - [32minfo[39m 
2022-11-04T16:45:21.247Z - [[32minfo[39m] - [32mserver started on port 8080[39m 
2022-11-04T16:45:48.695Z - [[31merror[39m] - [31merror[39m 
2022-11-04T16:45:48.696Z - [[33mwarn[39m] - [33mwarn[39m 
2022-11-04T16:45:48.697Z - [[32minfo[39m] - [32minfo[39m 
2022-11-04T16:45:48.700Z - [[32minfo[39m] - [32mserver started on port 8080[39m 
2022-11-04T16:45:51.399Z - [[32minfo[39m] - [32mсоздали товар для пользователя по user_id = 7[39m 
2022-11-04T16:47:35.347Z - [[31merror[39m] - [31merror[39m
2022-11-04T16:47:35.349Z - [[33mwarn[39m] - [33mwarn[39m
2022-11-04T16:47:35.349Z - [[32minfo[39m] - [32minfo[39m
2022-11-04T16:47:35.353Z - [[32minfo[39m] - [32mserver started on port 8080[39m
2022-11-04T16:49:38.167Z - [31merror[39m - [31merror[39m
2022-11-04T16:49:38.169Z - [33mwarn[39m - [33mwarn[39m
2022-11-04T16:49:38.170Z - [32minfo[39m - [32minfo[39m
2022-11-04T16:49:38.173Z - [32minfo[39m - [32mserver started on port 8080[39m
2022-11-04T16:55:20.887Z - [31merror[39m - [31merror[39m
2022-11-04T16:55:20.889Z - [33mwarn[39m - [33mwarn[39m
2022-11-04T16:55:20.889Z - [32minfo[39m - [32minfo[39m
2022-11-04T16:55:20.893Z - [32minfo[39m - [32mserver started on port 8080[39m
2022-11-04T16:55:29.925Z - [32minfo[39m - [32mserver started on port 8080[39m
2022-11-04T16:57:22.767Z - [32minfo[39m - [32mserver started on port 8080[39m
2022-11-04T16:57:41.808Z - [32minfo[39m - [32mserver started on port 8080[39m
2022-11-04T16:57:46.884Z - [32minfo[39m - [32mсоздали товар для пользователя по user_id = 7[39m
2022-11-04T16:58:29.365Z - [32minfo[39m - [32mПолучили всех всех пользователей[39m
2022-11-04T16:58:36.568Z - [32minfo[39m - [32mПолучили пользователя по id = 1[39m
2022-11-04T16:59:15.604Z - [32minfo[39m - [32mПолучили пользователя по id = 123[39m
{info.timestamp} - {info.level.padEnd(7)} - {info.message}
2022-11-04T17:01:37.930Z - [32minfo[39m - [32mserver started on port 8080[39m
2022-11-04T17:59:44.691Z - [32minfo[39m - [32mserver started on port 8080[39m
2022-11-04T17:59:56.589Z - [32minfo[39m - [32mserver started on port 8080[39m
2022-11-04T18:12:52.407Z - [32minfo[39m - [32mserver started on port undefined[39m
2022-11-04T18:13:15.872Z - [32minfo[39m - [32mserver started on port undefined[39m
2022-11-04T18:13:34.666Z - [31merror[39m - [31mPOR is not defined[39m
2022-11-04T18:13:42.245Z - [32minfo[39m - [32mserver started on port 8080[39m
2022-11-04T18:13:50.513Z - [32minfo[39m - [32mserver started on port 7070[39m
2022-11-04T18:25:25.331Z - [32minfo[39m - [32mserver started on port 7070[39m
2022-11-04T18:25:46.951Z - [32minfo[39m - [32mserver started on port 7070[39m
2022-11-04T18:26:55.499Z - [32minfo[39m - [32mserver started on port 7070[39m
2022-11-04T18:28:28.566Z - [32minfo[39m - [32mserver started on port 7070[39m
2022-11-04T18:28:33.908Z - [32minfo[39m - [32mserver started on port 7070[39m
2022-11-04T18:28:56.459Z - [32minfo[39m - [32mserver started on port 8080[39m
2022-11-04T18:32:36.833Z - [32minfo[39m - [32mserver started on port 8080[39m
2022-11-04T18:33:12.406Z - [32minfo[39m - [32mserver started on port 8080[39m
2022-11-04T18:33:12.482Z - [32minfo[39m - [32mconnected[39m
2022-11-04T18:33:25.033Z - [32minfo[39m - [32mserver started on port 8080[39m
2022-11-04T18:33:25.212Z - [32minfo[39m - [32mbd connected[39m
2022-11-04T18:33:51.951Z - [32minfo[39m - [32mserver started on port 8080[39m
2022-11-04T18:33:51.956Z - [31merror[39m - [31mconnection error[39m
2022-11-04T18:34:06.561Z - [32minfo[39m - [32mserver started on port 8080[39m
2022-11-04T18:34:06.567Z - [31merror[39m - [31mconnection error bd[39m
2022-11-04T18:34:10.051Z - [32minfo[39m - [32mserver started on port 8080[39m
2022-11-04T18:34:10.123Z - [32minfo[39m - [32mbd connected[39m
2022-11-04T18:37:07.039Z - [32minfo[39m - [32mserver started on port 8080[39m
2022-11-04T18:37:07.111Z - [32minfo[39m - [32mbd connected[39m
2022-11-04T18:39:36.399Z - [32minfo[39m - [32mserver started on port 8080[39m
2022-11-04T18:39:36.580Z - [32minfo[39m - [32mbd connected[39m
2022-11-04T18:42:06.811Z - [32minfo[39m - [32mserver started on port 8080[39m
2022-11-04T18:42:06.905Z - [32minfo[39m - [32mbd connected[39m
2022-11-04T18:43:24.040Z - [32minfo[39m - [32mserver started on port 8080[39m
2022-11-04T18:43:24.109Z - [32minfo[39m - [32mbd connected[39m
2022-11-04T18:44:30.192Z - [32minfo[39m - [32mserver started on port 8080[39m
2022-11-04T18:44:30.289Z - [32minfo[39m - [32mbd connected[39m
2022-11-04T18:47:32.198Z - [32minfo[39m - [32mserver started on port 8080[39m
2022-11-04T18:47:32.267Z - [32minfo[39m - [32mbd connected[39m
2022-11-04T18:47:54.068Z - [32minfo[39m - [32mserver started on port 8080[39m
2022-11-04T18:47:54.153Z - [32minfo[39m - [32mbd connected[39m
2022-11-04T18:48:29.567Z - [32minfo[39m - [32mserver started on port 8080[39m
2022-11-04T18:48:29.643Z - [32minfo[39m - [32mbd connected[39m
2022-11-04T18:48:36.546Z - [32minfo[39m - [32mserver started on port 8080[39m
2022-11-04T18:48:36.617Z - [32minfo[39m - [32mbd connected[39m
2022-11-04T18:49:06.890Z - [32minfo[39m - [32mserver started on port 8080[39m
2022-11-04T18:49:06.975Z - [32minfo[39m - [32mbd connected[39m
2022-11-05T13:04:28.098Z - [32minfo[39m - [32mserver started on port 8080[39m
2022-11-05T13:04:28.289Z - [32minfo[39m - [32mbd connected[39m
2022-11-05T13:05:34.145Z - [32minfo[39m - [32mserver started on port 8080[39m
2022-11-05T13:05:34.339Z - [32minfo[39m - [32mbd connected[39m
2022-11-05T13:06:04.822Z - [32minfo[39m - [32mserver started on port 8080[39m
2022-11-05T13:06:04.897Z - [32minfo[39m - [32mbd connected[39m
2022-11-05T13:06:45.694Z - [31merror[39m - [31merror: null value in column "name" of relation "users" violates not-null constraint[39m
[31m    at Parser.parseErrorMessage (C:\Users\emdin\WebstormProjects\server\node_modules\pg-protocol\dist\parser.js:287:98)[39m
[31m    at Parser.handlePacket (C:\Users\emdin\WebstormProjects\server\node_modules\pg-protocol\dist\parser.js:126:29)[39m
[31m    at Parser.parse (C:\Users\emdin\WebstormProjects\server\node_modules\pg-protocol\dist\parser.js:39:38)[39m
[31m    at Socket.<anonymous> (C:\Users\emdin\WebstormProjects\server\node_modules\pg-protocol\dist\index.js:11:42)[39m
[31m    at Socket.emit (node:events:527:28)[39m
[31m    at addChunk (node:internal/streams/readable:315:12)[39m
[31m    at readableAddChunk (node:internal/streams/readable:289:9)[39m
[31m    at Socket.Readable.push (node:internal/streams/readable:228:10)[39m
[31m    at TCP.onStreamRead (node:internal/stream_base_commons:190:23)[39m
2022-11-05T13:08:40.936Z - [32minfo[39m - [32mserver started on port 8080[39m
2022-11-05T13:08:41.023Z - [32minfo[39m - [32mbd connected[39m
2022-11-05T13:08:42.854Z - [31merror[39m - [31me[39m
2022-11-05T13:10:04.714Z - [32minfo[39m - [32mserver started on port 8080[39m
2022-11-05T13:10:04.799Z - [32minfo[39m - [32mbd connected[39m
2022-11-05T13:11:38.770Z - [32minfo[39m - [32mserver started on port 8080[39m
2022-11-05T13:11:38.845Z - [32minfo[39m - [32mbd connected[39m
2022-11-05T13:13:20.117Z - [32minfo[39m - [32mserver started on port 8080[39m
2022-11-05T13:13:20.245Z - [32minfo[39m - [32mbd connected[39m
2022-11-05T13:13:47.803Z - [32minfo[39m - [32mserver started on port 8080[39m
2022-11-05T13:13:47.895Z - [32minfo[39m - [32mbd connected[39m
2022-11-05T13:20:06.149Z - [32minfo[39m - [32mserver started on port 8080[39m
2022-11-05T13:20:06.220Z - [32minfo[39m - [32mbd connected[39m
2022-11-05T13:20:32.612Z - [32minfo[39m - [32mserver started on port 8080[39m
2022-11-05T13:20:32.682Z - [32minfo[39m - [32mbd connected[39m
2022-11-05T13:20:37.163Z - [32minfo[39m - [32mserver started on port 8080[39m
2022-11-05T13:20:37.239Z - [32minfo[39m - [32mbd connected[39m
2022-11-05T13:20:55.434Z - [32minfo[39m - [32mСоздали нового пользавателя[39m
2022-11-05T13:23:03.141Z - [32minfo[39m - [32mserver started on port 8080[39m
2022-11-05T13:23:03.220Z - [32minfo[39m - [32mbd connected[39m
2022-11-05T13:23:15.660Z - [32minfo[39m - [32mСоздали нового пользавателя[39m
2022-11-05T13:23:49.855Z - [32minfo[39m - [32mserver started on port 8080[39m
2022-11-05T13:23:49.940Z - [32minfo[39m - [32mbd connected[39m
2022-11-05T13:23:53.450Z - [32minfo[39m - [32mСоздали нового пользавателя[39m
2022-11-05T13:24:27.841Z - [32minfo[39m - [32mПолучили всех всех пользователей[39m
2022-11-05T13:27:18.003Z - [32minfo[39m - [32mserver started on port 8080[39m
2022-11-05T13:27:18.073Z - [32minfo[39m - [32mbd connected[39m
2022-11-05T13:27:21.759Z - [32minfo[39m - [32mПолучили всех всех пользователей[39m
2022-11-05T13:27:37.610Z - [32minfo[39m - [32mСоздали нового пользавателя[39m
2022-11-05T13:27:50.337Z - [32minfo[39m - [32mСоздали нового пользавателя[39m
2022-11-05T13:28:11.014Z - [31merror[39m - [31mОшибка с бд при создание нового пользователя[39m
2022-11-05T13:28:41.778Z - [32minfo[39m - [32mserver started on port 8080[39m
2022-11-05T13:28:41.959Z - [32minfo[39m - [32mbd connected[39m
2022-11-05T13:28:44.521Z - [31merror[39m - [31mОшибка с бд при создание нового пользователя[39m
2022-11-05T13:29:19.889Z - [32minfo[39m - [32mserver started on port 8080[39m
2022-11-05T13:29:19.969Z - [32minfo[39m - [32mbd connected[39m
2022-11-05T13:30:00.214Z - [32minfo[39m - [32mserver started on port 8080[39m
2022-11-05T13:30:00.387Z - [32minfo[39m - [32mbd connected[39m
2022-11-05T13:30:02.400Z - [31merror[39m - [31mОшибка с бд при создание нового пользователя[39m
2022-11-05T13:30:28.337Z - [32minfo[39m - [32mСоздали нового пользавателя[39m
2022-11-05T13:31:34.550Z - [32minfo[39m - [32mserver started on port 8080[39m
2022-11-05T13:31:34.622Z - [32minfo[39m - [32mbd connected[39m
2022-11-05T13:31:36.591Z - [32minfo[39m - [32mСоздали нового пользавателя[39m
2022-11-05T13:31:58.418Z - [32minfo[39m - [32mserver started on port 8080[39m
2022-11-05T13:31:58.602Z - [32minfo[39m - [32mbd connected[39m
2022-11-05T13:33:32.709Z - [32minfo[39m - [32mserver started on port 8080[39m
2022-11-05T13:33:32.782Z - [32minfo[39m - [32mbd connected[39m
2022-11-05T13:37:11.392Z - [32minfo[39m - [32mserver started on port 8080[39m
2022-11-05T13:37:11.462Z - [32minfo[39m - [32mbd connected[39m
2022-11-05T13:37:34.937Z - [32minfo[39m - [32mserver started on port 8080[39m
2022-11-05T13:37:35.113Z - [32minfo[39m - [32mbd connected[39m
2022-11-05T13:39:04.088Z - [32minfo[39m - [32mserver started on port 8080[39m
2022-11-05T13:39:04.184Z - [32minfo[39m - [32mbd connected[39m
2022-11-05T13:39:05.330Z - [32minfo[39m - [32mПолучили всех пользователей[39m
2022-11-05T13:39:35.990Z - [32minfo[39m - [32mserver started on port 8080[39m
2022-11-05T13:39:36.073Z - [32minfo[39m - [32mbd connected[39m
2022-11-05T13:39:40.436Z - [32minfo[39m - [32mПолучили всех пользователей[39m
2022-11-05T13:40:32.858Z - [32minfo[39m - [32mserver started on port 8080[39m
2022-11-05T13:40:33.054Z - [32minfo[39m - [32mbd connected[39m
2022-11-05T13:40:33.697Z - [32minfo[39m - [32mПолучили всех пользователей[39m
2022-11-05T13:40:55.835Z - [32minfo[39m - [32mserver started on port 8080[39m
2022-11-05T13:40:55.907Z - [32minfo[39m - [32mbd connected[39m
2022-11-05T13:41:00.275Z - [32minfo[39m - [32mПолучили всех пользователей[39m
2022-11-05T13:42:18.199Z - [32minfo[39m - [32mserver started on port 8080[39m
2022-11-05T13:42:18.270Z - [32minfo[39m - [32mbd connected[39m
2022-11-05T13:42:29.462Z - [32minfo[39m - [32mserver started on port 8080[39m
2022-11-05T13:42:29.539Z - [32minfo[39m - [32mbd connected[39m
2022-11-05T13:42:37.394Z - [32minfo[39m - [32mserver started on port 8080[39m
2022-11-05T13:42:37.574Z - [32minfo[39m - [32mbd connected[39m
2022-11-05T13:42:47.930Z - [32minfo[39m - [32mСоздали нового пользавателя[39m
2022-11-05T13:43:11.892Z - [32minfo[39m - [32mserver started on port 8080[39m
2022-11-05T13:43:11.967Z - [32minfo[39m - [32mbd connected[39m
2022-11-05T13:43:15.284Z - [32minfo[39m - [32mСоздали нового пользавателя[39m
2022-11-05T13:43:25.222Z - [32minfo[39m - [32mserver started on port 8080[39m
2022-11-05T13:43:25.294Z - [32minfo[39m - [32mbd connected[39m
2022-11-05T13:43:25.911Z - [32minfo[39m - [32mСоздали нового пользавателя[39m
2022-11-05T13:44:42.774Z - [32minfo[39m - [32mserver started on port 8080[39m
2022-11-05T13:44:42.843Z - [32minfo[39m - [32mbd connected[39m
2022-11-05T13:44:46.221Z - [32minfo[39m - [32mСоздали нового пользавателя[39m
2022-11-05T13:45:15.978Z - [32minfo[39m - [32mserver started on port 8080[39m
2022-11-05T13:45:16.046Z - [32minfo[39m - [32mbd connected[39m
2022-11-05T13:46:42.119Z - [32minfo[39m - [32mserver started on port 8080[39m
2022-11-05T13:46:42.192Z - [32minfo[39m - [32mbd connected[39m
2022-11-05T14:10:12.643Z - [32minfo[39m - [32mserver started on port 8080[39m
2022-11-05T14:10:12.714Z - [32minfo[39m - [32mbd connected[39m
2022-11-05T14:25:42.900Z - [32minfo[39m - [32mserver started on port 8080[39m
2022-11-05T14:25:42.976Z - [32minfo[39m - [32mbd connected[39m
2022-11-05T15:26:53.596Z - [32minfo[39m - [32mserver started on port 8080[39m
2022-11-05T15:26:53.669Z - [32minfo[39m - [32mbd connected[39m
2022-11-05T15:30:59.687Z - [32minfo[39m - [32mserver started on port 8080[39m
2022-11-05T15:30:59.767Z - [32minfo[39m - [32mbd connected[39m
2022-11-05T15:31:01.739Z - [32minfo[39m - [32mserver started on port 8080[39m
2022-11-05T15:31:01.920Z - [32minfo[39m - [32mbd connected[39m
2022-11-05T16:29:47.601Z - [32minfo[39m - [32mserver started on port 8080[39m
2022-11-05T16:29:47.780Z - [32minfo[39m - [32mbd connected[39m
2022-11-05T16:29:59.120Z - [32minfo[39m - [32mПолучили всех пользователей[39m
2022-11-05T16:30:15.742Z - [32minfo[39m - [32mполучен пользователь[39m
2022-11-05T16:32:38.985Z - [32minfo[39m - [32mобновили пользователя по id[39m
2022-11-05T16:33:15.551Z - [32minfo[39m - [32mудалили пользователя[39m
2022-11-05T16:35:45.641Z - [31merror[39m - [31mОшибка при создании товара для пользователя по user_id[39m
2022-11-05T16:38:40.083Z - [32minfo[39m - [32mсоздали товар для пользователя по user_id[39m
2022-11-05T16:42:17.483Z - [31merror[39m - [31mОшибка при создании товара для пользователя по user_id[39m
2022-11-05T16:42:31.674Z - [32minfo[39m - [32mserver started on port 8080[39m
2022-11-05T16:42:31.853Z - [32minfo[39m - [32mbd connected[39m
2022-11-05T16:42:42.998Z - [32minfo[39m - [32mserver started on port 8080[39m
2022-11-05T16:42:43.073Z - [32minfo[39m - [32mbd connected[39m
2022-11-05T16:43:01.353Z - [32minfo[39m - [32mserver started on port 8080[39m
2022-11-05T16:43:01.425Z - [32minfo[39m - [32mbd connected[39m
2022-11-05T16:43:03.671Z - [32minfo[39m - [32mполучен весь товар[39m
2022-11-05T16:44:35.709Z - [32minfo[39m - [32mполучен весь товар для пользователя по user_id[39m
2022-11-05T16:45:13.756Z - [32minfo[39m - [32mполучен весь товар для пользователя по user_id[39m
2022-11-05T16:45:22.299Z - [32minfo[39m - [32mполучен весь товар для пользователя по user_id[39m
2022-11-05T16:46:41.726Z - [32minfo[39m - [32mполучен товар по id[39m
2022-11-05T17:29:32.579Z - [32minfo[39m - [32mserver started on port 8080[39m
2022-11-05T17:29:32.652Z - [32minfo[39m - [32mbd connected[39m
2022-11-08T18:05:01.909Z - [32minfo[39m - [32mserver started on port 8080[39m
2022-11-08T18:05:01.988Z - [32minfo[39m - [32mbd connected[39m
2022-11-08T20:04:07.209Z - [32minfo[39m - [32mserver started on port 8080[39m
2022-11-08T20:04:07.394Z - [32minfo[39m - [32mbd connected[39m
2022-11-08T20:14:13.734Z - [32minfo[39m - [32mполучен товар по id[39m
2022-11-08T20:15:29.098Z - [32minfo[39m - [32mполучен товар по id[39m
2022-11-08T20:18:26.557Z - [32minfo[39m - [32mполучен товар по id[39m
2022-11-08T20:33:55.284Z - [32minfo[39m - [32mполучен товар по id[39m
2022-11-08T20:35:52.969Z - [32minfo[39m - [32mполучен товар по id[39m
2022-11-08T21:36:05.273Z - [32minfo[39m - [32mполучен товар по id[39m
2022-11-08T21:38:27.731Z - [32minfo[39m - [32mполучен товар по id[39m
2022-11-08T22:12:04.923Z - [32minfo[39m - [32mполучен товар по id[39m
2022-11-08T22:19:48.259Z - [32minfo[39m - [32mserver started on port 8080[39m
2022-11-08T22:19:48.334Z - [32minfo[39m - [32mbd connected[39m
2022-11-08T22:19:59.809Z - [32minfo[39m - [32mполучен товар по id[39m
2022-11-08T22:19:59.816Z - [32minfo[39m - [32mполучен товар по id[39m
2022-11-08T22:22:24.281Z - [32minfo[39m - [32mсоздали товар для пользователя по user_id[39m
2022-11-09T08:31:40.371Z - [32minfo[39m - [32mserver started on port 8080[39m
2022-11-09T08:31:40.454Z - [32minfo[39m - [32mbd connected[39m
2022-11-09T08:32:40.870Z - [32minfo[39m - [32mserver started on port 8080[39m
2022-11-09T08:32:41.048Z - [32minfo[39m - [32mbd connected[39m
2022-11-09T08:35:05.637Z - [32minfo[39m - [32mсоздали товар для пользователя по user_id[39m
2022-11-09T08:41:12.326Z - [32minfo[39m - [32mполучен товар по id[39m
2022-11-09T08:41:12.330Z - [32minfo[39m - [32mполучен товар по id[39m
2022-11-09T08:41:26.519Z - [32minfo[39m - [32mполучен товар по id[39m
2022-11-09T08:41:26.523Z - [32minfo[39m - [32mполучен товар по id[39m
2022-11-09T08:41:29.484Z - [32minfo[39m - [32mполучен товар по id[39m
2022-11-09T08:41:29.487Z - [32minfo[39m - [32mполучен товар по id[39m
2022-11-09T08:59:28.281Z - [32minfo[39m - [32mсоздали товар для пользователя по user_id[39m
2022-11-09T09:01:36.132Z - [32minfo[39m - [32mполучен весь товар[39m
2022-11-09T09:01:36.136Z - [32minfo[39m - [32mполучен товар по id[39m
2022-11-09T09:05:52.316Z - [32minfo[39m - [32mполучен весь товар[39m
2022-11-09T09:05:52.319Z - [32minfo[39m - [32mполучен весь товар[39m
2022-11-09T09:07:19.207Z - [32minfo[39m - [32mполучен весь товар[39m
2022-11-09T09:07:47.135Z - [32minfo[39m - [32mполучен весь товар[39m
2022-11-09T09:07:47.139Z - [32minfo[39m - [32mполучен весь товар[39m
2022-11-09T09:07:49.227Z - [32minfo[39m - [32mполучен товар по id[39m
2022-11-09T09:08:23.208Z - [32minfo[39m - [32mполучен весь товар[39m
2022-11-09T09:08:28.655Z - [32minfo[39m - [32mполучен весь товар[39m
2022-11-09T09:08:28.660Z - [32minfo[39m - [32mполучен весь товар[39m
2022-11-09T09:08:32.000Z - [32minfo[39m - [32mполучен товар по id[39m
2022-11-09T09:10:50.319Z - [32minfo[39m - [32mполучен весь товар[39m
2022-11-09T09:10:54.660Z - [32minfo[39m - [32mполучен весь товар[39m
2022-11-09T09:10:54.666Z - [32minfo[39m - [32mполучен весь товар[39m
2022-11-09T09:11:42.210Z - [32minfo[39m - [32mполучен весь товар[39m
2022-11-09T09:11:45.756Z - [32minfo[39m - [32mполучен весь товар[39m
2022-11-09T09:11:45.762Z - [32minfo[39m - [32mполучен весь товар[39m
2022-11-09T09:12:47.307Z - [32minfo[39m - [32mполучен весь товар[39m
2022-11-09T09:12:50.894Z - [32minfo[39m - [32mполучен весь товар[39m
2022-11-09T09:12:50.900Z - [32minfo[39m - [32mполучен весь товар[39m
2022-11-09T09:13:41.308Z - [32minfo[39m - [32mполучен весь товар[39m
2022-11-09T09:13:44.616Z - [32minfo[39m - [32mполучен весь товар[39m
2022-11-09T09:13:44.621Z - [32minfo[39m - [32mполучен весь товар[39m
2022-11-09T09:14:06.178Z - [32minfo[39m - [32mполучен весь товар[39m
2022-11-09T09:14:12.143Z - [32minfo[39m - [32mполучен весь товар[39m
2022-11-09T09:14:21.018Z - [32minfo[39m - [32mполучен весь товар[39m
2022-11-09T09:16:34.201Z - [32minfo[39m - [32mполучен весь товар[39m
2022-11-09T09:16:34.204Z - [32minfo[39m - [32mполучен весь товар[39m
2022-11-09T09:17:41.200Z - [32minfo[39m - [32mполучен весь товар[39m
2022-11-09T09:17:41.202Z - [32minfo[39m - [32mполучен весь товар[39m
2022-11-09T09:17:49.301Z - [32minfo[39m - [32mполучен весь товар[39m
2022-11-09T09:17:49.321Z - [32minfo[39m - [32mполучен весь товар[39m
2022-11-09T09:18:34.970Z - [32minfo[39m - [32mполучен весь товар[39m
2022-11-09T09:18:34.972Z - [32minfo[39m - [32mполучен весь товар[39m
2022-11-09T09:20:40.324Z - [32minfo[39m - [32mполучен весь товар[39m
2022-11-09T09:21:02.855Z - [32minfo[39m - [32mполучен весь товар[39m
2022-11-09T09:21:02.857Z - [32minfo[39m - [32mполучен весь товар[39m
2022-11-09T09:21:05.172Z - [32minfo[39m - [32mполучен товар по id[39m
2022-11-09T09:21:08.901Z - [32minfo[39m - [32mполучен товар по id[39m
2022-11-09T09:44:02.322Z - [32minfo[39m - [32mполучен весь товар[39m
2022-11-09T09:44:17.770Z - [32minfo[39m - [32mполучен весь товар[39m
2022-11-09T09:44:17.775Z - [32minfo[39m - [32mполучен весь товар[39m
2022-11-09T09:45:40.910Z - [32minfo[39m - [32mполучен весь товар[39m
2022-11-09T09:45:40.914Z - [32minfo[39m - [32mполучен весь товар[39m
2022-11-09T09:45:56.517Z - [32minfo[39m - [32mполучен товар по id[39m
2022-11-09T09:47:51.226Z - [32minfo[39m - [32mполучен весь товар[39m
2022-11-09T09:48:34.304Z - [32minfo[39m - [32mполучен весь товар[39m
2022-11-09T09:49:04.225Z - [32minfo[39m - [32mполучен весь товар[39m
2022-11-09T09:49:17.216Z - [32minfo[39m - [32mполучен весь товар[39m
2022-11-09T09:49:19.381Z - [32minfo[39m - [32mполучен весь товар[39m
2022-11-09T09:49:19.389Z - [32minfo[39m - [32mполучен весь товар[39m
2022-11-09T09:49:49.214Z - [32minfo[39m - [32mполучен весь товар[39m
2022-11-09T09:59:01.987Z - [32minfo[39m - [32mполучен весь товар[39m
2022-11-09T10:00:28.892Z - [32minfo[39m - [32mсоздали товар для пользователя по user_id[39m
2022-11-09T10:00:32.202Z - [32minfo[39m - [32mполучен весь товар[39m
2022-11-09T10:00:48.791Z - [32minfo[39m - [32mсоздали товар для пользователя по user_id[39m
2022-11-09T10:00:58.883Z - [32minfo[39m - [32mполучен весь товар[39m
2022-11-09T10:06:24.864Z - [32minfo[39m - [32mсоздали товар для пользователя по user_id[39m
2022-11-09T10:13:31.200Z - [32minfo[39m - [32mполучен весь товар[39m
2022-11-09T10:15:59.471Z - [32minfo[39m - [32mполучен весь товар[39m
2022-11-09T10:16:18.872Z - [32minfo[39m - [32mсоздали товар для пользователя по user_id[39m
2022-11-09T10:16:32.349Z - [32minfo[39m - [32mполучен весь товар[39m
2022-11-09T10:40:28.620Z - [32minfo[39m - [32mсоздали товар для пользователя по user_id[39m
2022-11-09T10:41:09.522Z - [32minfo[39m - [32mсоздали товар для пользователя по user_id[39m
2022-11-09T10:42:58.289Z - [31merror[39m - [31mОшибка при создании товара для пользователя по user_id[39m
2022-11-09T10:53:07.570Z - [32minfo[39m - [32mСоздали нового пользавателя[39m
2022-11-09T10:53:07.574Z - [32minfo[39m - [32mсоздали товар для пользователя по user_id[39m
2022-11-09T11:04:07.185Z - [31merror[39m - [31mОшибка с бд при создание нового пользователя[39m
2022-11-09T11:05:32.065Z - [31merror[39m - [31mОшибка с бд при создание нового пользователя[39m
2022-11-09T11:06:00.524Z - [31merror[39m - [31mОшибка с бд при создание нового пользователя[39m
2022-11-09T11:07:07.365Z - [31merror[39m - [31mОшибка с бд при создание нового пользователя[39m
2022-11-09T11:07:46.463Z - [31merror[39m - [31mОшибка с бд при создание нового пользователя[39m
2022-11-09T11:07:57.783Z - [32minfo[39m - [32mserver started on port 8080[39m
2022-11-09T11:07:57.857Z - [32minfo[39m - [32mbd connected[39m
2022-11-09T11:08:01.184Z - [32minfo[39m - [32mСоздали нового пользавателя[39m
2022-11-09T11:08:26.468Z - [31merror[39m - [31mОшибка с бд при создание нового пользователя[39m
2022-11-09T11:08:47.955Z - [32minfo[39m - [32mserver started on port 8080[39m
2022-11-09T11:08:48.024Z - [32minfo[39m - [32mbd connected[39m
2022-11-09T11:10:03.593Z - [32minfo[39m - [32mполучен весь товар[39m
2022-11-09T11:10:06.504Z - [32minfo[39m - [32mполучен весь товар[39m
2022-11-09T11:10:12.897Z - [32minfo[39m - [32mСоздали нового пользавателя[39m
2022-11-09T11:10:12.986Z - [31merror[39m - [31mОшибка при создании товара для пользователя по user_id[39m
2022-11-09T11:10:15.995Z - [32minfo[39m - [32mполучен весь товар[39m
2022-11-09T11:10:25.493Z - [32minfo[39m - [32mполучен весь товар[39m
2022-11-09T11:10:31.960Z - [32minfo[39m - [32mполучен весь товар[39m
2022-11-09T11:22:28.649Z - [31merror[39m - [31mОшибка с бд при создание нового пользователя[39m
2022-11-09T11:27:00.167Z - [32minfo[39m - [32mserver started on port 8080[39m
2022-11-09T11:27:00.238Z - [32minfo[39m - [32mbd connected[39m
2022-11-09T11:27:29.967Z - [32minfo[39m - [32mполучен весь товар[39m
2022-11-09T11:27:37.389Z - [32minfo[39m - [32mПроверили сузествует ли пользователь в бд[39m
2022-11-09T11:27:37.480Z - [32minfo[39m - [32mСоздали нового пользавателя[39m
2022-11-09T11:27:37.484Z - [31merror[39m - [31mОшибка при создании товара для пользователя по user_id[39m
2022-11-09T11:29:06.872Z - [32minfo[39m - [32mПроверили сузествует ли пользователь в бд[39m
2022-11-09T11:29:06.875Z - [31merror[39m - [31mОшибка с бд при создание нового пользователя[39m
2022-11-09T11:30:31.404Z - [32minfo[39m - [32mserver started on port 8080[39m
2022-11-09T11:30:31.479Z - [32minfo[39m - [32mbd connected[39m
2022-11-09T11:30:35.290Z - [32minfo[39m - [32mПроверили существует ли пользователь в бд[39m
2022-11-09T11:34:38.467Z - [32minfo[39m - [32mserver started on port 8080[39m
2022-11-09T11:34:38.543Z - [32minfo[39m - [32mbd connected[39m
2022-11-09T11:34:42.178Z - [32minfo[39m - [32mПроверили существует ли пользователь в бд[39m
2022-11-09T11:34:42.266Z - [31merror[39m - [31mОшибка с бд при создание нового пользователя[39m
2022-11-09T11:35:42.847Z - [32minfo[39m - [32mserver started on port 8080[39m
2022-11-09T11:35:42.921Z - [32minfo[39m - [32mbd connected[39m
2022-11-09T11:35:45.084Z - [32minfo[39m - [32mПроверили существует ли пользователь в бд[39m
2022-11-09T11:36:29.112Z - [32minfo[39m - [32mПроверили существует ли пользователь в бд[39m
2022-11-09T11:36:44.815Z - [32minfo[39m - [32mПроверили существует ли пользователь в бд[39m
2022-11-09T11:38:15.223Z - [32minfo[39m - [32mПроверили существует ли пользователь в бд[39m
2022-11-09T11:39:24.540Z - [32minfo[39m - [32mserver started on port 8080[39m
2022-11-09T11:39:24.612Z - [32minfo[39m - [32mbd connected[39m
2022-11-09T11:39:27.409Z - [32minfo[39m - [32mПроверили существует ли пользователь в бд[39m
2022-11-09T11:39:56.261Z - [32minfo[39m - [32mПроверили существует ли пользователь в бд[39m
2022-11-09T11:40:05.586Z - [32minfo[39m - [32mserver started on port 8080[39m
2022-11-09T11:40:05.660Z - [32minfo[39m - [32mbd connected[39m
2022-11-09T11:40:07.991Z - [32minfo[39m - [32mПроверили существует ли пользователь в бд[39m
2022-11-09T11:43:45.960Z - [32minfo[39m - [32mserver started on port 8080[39m
2022-11-09T11:43:46.032Z - [32minfo[39m - [32mbd connected[39m
2022-11-09T11:43:48.374Z - [32minfo[39m - [32mПроверили существует ли пользователь в бд[39m
2022-11-09T11:44:51.551Z - [32minfo[39m - [32mserver started on port 8080[39m
2022-11-09T11:44:51.735Z - [32minfo[39m - [32mbd connected[39m
2022-11-09T11:44:53.843Z - [32minfo[39m - [32mПроверили существует ли пользователь в бд[39m
2022-11-09T11:45:22.155Z - [32minfo[39m - [32mПроверили существует ли пользователь в бд[39m
2022-11-09T11:45:38.324Z - [32minfo[39m - [32mserver started on port 8080[39m
2022-11-09T11:45:38.399Z - [32minfo[39m - [32mbd connected[39m
2022-11-09T11:45:43.405Z - [32minfo[39m - [32mПроверили существует ли пользователь в бд[39m
2022-11-09T11:46:02.138Z - [32minfo[39m - [32mserver started on port 8080[39m
2022-11-09T11:46:02.217Z - [32minfo[39m - [32mbd connected[39m
2022-11-09T11:46:04.664Z - [32minfo[39m - [32mПроверили существует ли пользователь в бд[39m
2022-11-09T11:46:28.624Z - [32minfo[39m - [32mserver started on port 8080[39m
2022-11-09T11:46:28.696Z - [32minfo[39m - [32mbd connected[39m
2022-11-09T11:46:32.320Z - [32minfo[39m - [32mПроверили существует ли пользователь в бд[39m
2022-11-09T11:46:38.318Z - [32minfo[39m - [32mПроверили существует ли пользователь в бд[39m
2022-11-09T11:46:45.596Z - [32minfo[39m - [32mПроверили существует ли пользователь в бд[39m
2022-11-09T11:47:33.098Z - [32minfo[39m - [32mserver started on port 8080[39m
2022-11-09T11:47:33.173Z - [32minfo[39m - [32mbd connected[39m
2022-11-09T11:47:41.021Z - [32minfo[39m - [32mПроверили существует ли пользователь в бд[39m
2022-11-09T11:48:46.443Z - [32minfo[39m - [32mserver started on port 8080[39m
2022-11-09T11:48:46.514Z - [32minfo[39m - [32mbd connected[39m
2022-11-09T11:48:50.077Z - [31merror[39m - [31mОшибка с бд при проверке существующего пользователя[39m
2022-11-09T11:49:29.604Z - [32minfo[39m - [32mserver started on port 8080[39m
2022-11-09T11:49:29.678Z - [32minfo[39m - [32mbd connected[39m
2022-11-09T11:49:53.119Z - [32minfo[39m - [32mserver started on port 8080[39m
2022-11-09T11:49:53.209Z - [32minfo[39m - [32mbd connected[39m
2022-11-09T11:50:06.013Z - [32minfo[39m - [32mserver started on port 8080[39m
2022-11-09T11:50:06.081Z - [32minfo[39m - [32mbd connected[39m
2022-11-09T11:50:10.024Z - [32minfo[39m - [32mserver started on port 8080[39m
2022-11-09T11:50:10.208Z - [32minfo[39m - [32mbd connected[39m
2022-11-09T11:50:47.995Z - [32minfo[39m - [32mserver started on port 8080[39m
2022-11-09T11:50:48.181Z - [32minfo[39m - [32mbd connected[39m
2022-11-09T11:50:53.609Z - [32minfo[39m - [32mпользователь уже существует[39m
2022-11-09T11:52:16.310Z - [32minfo[39m - [32mserver started on port 8080[39m
2022-11-09T11:52:16.390Z - [32minfo[39m - [32mbd connected[39m
2022-11-09T11:52:19.163Z - [32minfo[39m - [32mпользователь уже существует[39m
2022-11-09T11:52:32.171Z - [32minfo[39m - [32mserver started on port 8080[39m
2022-11-09T11:52:32.246Z - [32minfo[39m - [32mbd connected[39m
2022-11-09T11:52:33.630Z - [32minfo[39m - [32mпользователь уже существует[39m
2022-11-09T11:52:50.487Z - [32minfo[39m - [32mserver started on port 8080[39m
2022-11-09T11:52:50.557Z - [32minfo[39m - [32mbd connected[39m
2022-11-09T11:53:00.642Z - [32minfo[39m - [32mпользователь уже существует[39m
2022-11-09T11:53:29.719Z - [32minfo[39m - [32mserver started on port 8080[39m
2022-11-09T11:53:29.910Z - [32minfo[39m - [32mbd connected[39m
2022-11-09T11:53:35.254Z - [32minfo[39m - [32mпользователь уже существует[39m
2022-11-09T11:53:56.726Z - [32minfo[39m - [32mserver started on port 8080[39m
2022-11-09T11:53:56.923Z - [32minfo[39m - [32mbd connected[39m
2022-11-09T11:53:59.295Z - [32minfo[39m - [32mпользователь уже существует[39m
2022-11-09T11:54:12.348Z - [32minfo[39m - [32mserver started on port 8080[39m
2022-11-09T11:54:12.421Z - [32minfo[39m - [32mbd connected[39m
2022-11-09T11:54:14.369Z - [32minfo[39m - [32mпользователь уже существует[39m
2022-11-09T11:54:35.034Z - [32minfo[39m - [32mпользователь уже существует[39m
2022-11-09T12:28:27.699Z - [32minfo[39m - [32mserver started on port 8080[39m
2022-11-09T12:28:27.800Z - [32minfo[39m - [32mbd connected[39m
2022-11-09T12:28:45.977Z - [32minfo[39m - [32mserver started on port 8080[39m
2022-11-09T12:28:46.201Z - [32minfo[39m - [32mbd connected[39m
2022-11-09T12:28:50.228Z - [32minfo[39m - [32mserver started on port 8080[39m
2022-11-09T12:28:50.326Z - [32minfo[39m - [32mbd connected[39m
2022-11-09T12:29:04.092Z - [32minfo[39m - [32mserver started on port 8080[39m
2022-11-09T12:29:04.165Z - [32minfo[39m - [32mbd connected[39m
2022-11-09T12:29:08.485Z - [32minfo[39m - [32mпользователь уже существует[39m
2022-11-09T12:29:21.391Z - [32minfo[39m - [32mпользователь уже существует[39m
2022-11-09T12:29:53.525Z - [32minfo[39m - [32mпользователь уже существует[39m
2022-11-09T12:30:12.788Z - [32minfo[39m - [32mserver started on port 8080[39m
2022-11-09T12:30:12.859Z - [32minfo[39m - [32mbd connected[39m
2022-11-09T12:30:14.630Z - [32minfo[39m - [32mпользователь уже существует[39m
2022-11-09T12:30:21.868Z - [32minfo[39m - [32mпользователь уже существует[39m
2022-11-09T12:31:16.919Z - [32minfo[39m - [32mserver started on port 8080[39m
2022-11-09T12:31:16.991Z - [32minfo[39m - [32mbd connected[39m
2022-11-09T12:31:19.574Z - [32minfo[39m - [32mСоздали нового пользавателя[39m
2022-11-09T12:31:27.036Z - [32minfo[39m - [32mСоздали нового пользавателя[39m
2022-11-09T12:31:45.928Z - [32minfo[39m - [32mserver started on port 8080[39m
2022-11-09T12:31:46.003Z - [32minfo[39m - [32mbd connected[39m
2022-11-09T12:32:09.782Z - [32minfo[39m - [32mпользователь уже существует[39m
2022-11-09T12:32:11.178Z - [32minfo[39m - [32mпользователь уже существует[39m
2022-11-09T12:32:12.027Z - [32minfo[39m - [32mпользователь уже существует[39m
2022-11-09T12:32:12.718Z - [32minfo[39m - [32mпользователь уже существует[39m
2022-11-09T12:32:13.355Z - [32minfo[39m - [32mпользователь уже существует[39m
2022-11-09T12:32:36.196Z - [32minfo[39m - [32mпользователь уже существует[39m
2022-11-09T12:32:36.198Z - [31merror[39m - [31mОшибка при создании товара для пользователя по user_id[39m
2022-11-09T12:36:01.192Z - [32minfo[39m - [32mпользователь уже существует[39m
2022-11-09T12:36:47.003Z - [32minfo[39m - [32mserver started on port 8080[39m
2022-11-09T12:36:47.075Z - [32minfo[39m - [32mbd connected[39m
2022-11-09T12:39:19.630Z - [31merror[39m - [31mОшибка при создании товара для пользователя по user_id[39m
2022-11-09T12:39:19.724Z - [32minfo[39m - [32mпользователь уже существует[39m
2022-11-09T12:40:39.765Z - [32minfo[39m - [32mserver started on port 8080[39m
2022-11-09T12:40:39.856Z - [32minfo[39m - [32mbd connected[39m
2022-11-09T12:41:33.921Z - [32minfo[39m - [32mserver started on port 8080[39m
2022-11-09T12:41:33.998Z - [32minfo[39m - [32mbd connected[39m
2022-11-09T12:41:50.031Z - [31merror[39m - [31mОшибка при создании товара для пользователя по user_id[39m
2022-11-09T12:41:50.134Z - [32minfo[39m - [32mпользователь уже существует[39m
2022-11-09T12:43:59.507Z - [32minfo[39m - [32mserver started on port 8080[39m
2022-11-09T12:43:59.580Z - [32minfo[39m - [32mbd connected[39m
2022-11-09T12:44:46.829Z - [32minfo[39m - [32mпользователь уже существует[39m
2022-11-09T12:44:46.838Z - [31merror[39m - [31mОшибка при создании товара для пользователя по user_id[39m
2022-11-09T12:46:54.091Z - [31merror[39m - [31mОшибка при создании товара для пользователя по user_id[39m
2022-11-09T12:48:41.165Z - [32minfo[39m - [32mсоздали товар для пользователя по user_id[39m
2022-11-09T12:49:08.014Z - [32minfo[39m - [32mпользователь уже существует[39m
2022-11-09T12:49:08.022Z - [32minfo[39m - [32mсоздали товар для пользователя по user_id[39m
2022-11-09T12:50:28.821Z - [32minfo[39m - [32mСоздали нового пользавателя[39m
2022-11-09T12:50:28.824Z - [32minfo[39m - [32mсоздали товар для пользователя по user_id[39m
2022-11-09T12:50:31.274Z - [32minfo[39m - [32mполучен весь товар[39m
2022-11-09T13:21:06.427Z - [32minfo[39m - [32mсоздали товар для пользователя по user_id[39m
2022-11-09T13:21:06.530Z - [32minfo[39m - [32mпользователь уже существует[39m
2022-11-09T13:21:10.474Z - [32minfo[39m - [32mполучен весь товар[39m
2022-11-09T13:24:10.697Z - [32minfo[39m - [32mполучен весь товар[39m
2022-11-09T13:24:10.699Z - [32minfo[39m - [32mполучен весь товар[39m
2022-11-09T13:29:46.235Z - [32minfo[39m - [32mполучен весь товар[39m
2022-11-09T13:34:46.200Z - [32minfo[39m - [32mполучен весь товар[39m
2022-11-09T13:35:00.070Z - [32minfo[39m - [32mполучен весь товар[39m
2022-11-09T13:35:15.238Z - [32minfo[39m - [32mполучен весь товар[39m
2022-11-09T13:40:15.215Z - [32minfo[39m - [32mполучен весь товар[39m
2022-11-09T13:40:46.454Z - [32minfo[39m - [32mпользователь уже существует[39m
2022-11-09T13:40:46.461Z - [32minfo[39m - [32mсоздали товар для пользователя по user_id[39m
2022-11-09T13:42:35.247Z - [32minfo[39m - [32mполучен весь товар[39m
2022-11-09T13:43:03.357Z - [32minfo[39m - [32mполучен весь товар[39m
2022-11-09T13:48:11.409Z - [32minfo[39m - [32mполучен весь товар[39m
2022-11-09T13:48:33.919Z - [32minfo[39m - [32mполучен весь товар[39m
2022-11-09T13:48:51.787Z - [32minfo[39m - [32mполучен весь товар[39m
2022-11-09T13:54:05.353Z - [32minfo[39m - [32mserver started on port 8080[39m
2022-11-09T13:54:05.426Z - [32minfo[39m - [32mbd connected[39m
2022-11-09T13:59:12.304Z - [32minfo[39m - [32mserver started on port 8080[39m
2022-11-09T13:59:12.493Z - [32minfo[39m - [32mbd connected[39m
2022-11-09T13:59:52.274Z - [31merror[39m - [31mОшибка при создании товара для пользователя по user_id[39m
2022-11-09T13:59:52.281Z - [32minfo[39m - [32mСоздали нового пользавателя[39m
2022-11-09T13:59:54.534Z - [32minfo[39m - [32mполучен весь товар[39m
2022-11-09T13:59:59.162Z - [32minfo[39m - [32mполучен весь товар[39m
2022-11-09T14:00:53.327Z - [32minfo[39m - [32mСоздали нового пользавателя[39m
2022-11-09T14:00:53.330Z - [32minfo[39m - [32mсоздали товар для пользователя по user_id[39m
2022-11-09T14:01:20.656Z - [32minfo[39m - [32mполучен весь товар[39m
2022-11-09T14:01:24.884Z - [32minfo[39m - [32mполучен весь товар[39m
2022-11-09T14:01:33.794Z - [32minfo[39m - [32mполучен весь товар[39m
2022-11-09T14:01:41.886Z - [32minfo[39m - [32mполучен весь товар[39m
2022-11-09T14:03:00.284Z - [32minfo[39m - [32mserver started on port 8080[39m
2022-11-09T14:03:00.468Z - [32minfo[39m - [32mbd connected[39m
2022-11-09T15:27:39.402Z - [32minfo[39m - [32mserver started on port 8080[39m
2022-11-09T15:27:39.485Z - [32minfo[39m - [32mbd connected[39m
2022-11-09T15:27:42.592Z - [32minfo[39m - [32mполучен весь товар[39m
2022-11-09T15:27:42.605Z - [32minfo[39m - [32mполучен весь товар[39m
2022-11-09T15:28:00.372Z - [32minfo[39m - [32mserver started on port 8080[39m
2022-11-09T15:28:00.449Z - [32minfo[39m - [32mbd connected[39m
2022-11-09T15:28:33.634Z - [32minfo[39m - [32mпользователь уже существует[39m
2022-11-09T15:28:33.646Z - [32minfo[39m - [32mсоздали товар для пользователя по user_id[39m
2022-11-09T15:28:56.874Z - [32minfo[39m - [32mполучен весь товар[39m
2022-11-09T15:32:37.323Z - [32minfo[39m - [32mполучен весь товар[39m
2022-11-09T15:33:35.740Z - [32minfo[39m - [32mпользователь уже существует[39m
2022-11-09T15:33:35.748Z - [32minfo[39m - [32mсоздали товар для пользователя по user_id[39m
2022-11-09T15:33:43.287Z - [32minfo[39m - [32mполучен весь товар[39m
2022-11-09T15:33:54.942Z - [32minfo[39m - [32mполучен весь товар[39m
2022-11-09T15:33:54.945Z - [32minfo[39m - [32mполучен весь товар[39m
2022-11-09T15:34:22.197Z - [32minfo[39m - [32mполучен весь товар[39m
2022-11-09T15:34:40.926Z - [32minfo[39m - [32mпользователь уже существует[39m
2022-11-09T15:34:41.029Z - [32minfo[39m - [32mсоздали товар для пользователя по user_id[39m
2022-11-09T15:34:43.340Z - [32minfo[39m - [32mполучен весь товар[39m
2022-11-09T15:35:29.547Z - [32minfo[39m - [32mсоздали товар для пользователя по user_id[39m
2022-11-09T15:35:29.642Z - [32minfo[39m - [32mпользователь уже существует[39m
2022-11-09T15:35:56.014Z - [32minfo[39m - [32mсоздали товар для пользователя по user_id[39m
2022-11-09T15:35:56.017Z - [32minfo[39m - [32mпользователь уже существует[39m
2022-11-09T15:35:59.433Z - [32minfo[39m - [32mполучен весь товар[39m
2022-11-09T15:36:44.026Z - [32minfo[39m - [32mполучен весь товар[39m
2022-11-09T15:36:44.031Z - [32minfo[39m - [32mполучен весь товар[39m
2022-11-09T15:36:50.138Z - [32minfo[39m - [32mполучен весь товар[39m
2022-11-09T15:36:50.141Z - [32minfo[39m - [32mполучен весь товар[39m
2022-11-09T15:38:59.926Z - [32minfo[39m - [32mполучен весь товар[39m
2022-11-09T15:39:02.810Z - [32minfo[39m - [32mполучен весь товар[39m
2022-11-09T15:39:05.566Z - [32minfo[39m - [32mполучен весь товар[39m
2022-11-09T15:39:08.553Z - [32minfo[39m - [32mполучен весь товар[39m
2022-11-09T15:43:44.214Z - [32minfo[39m - [32mполучен весь товар[39m
2022-11-09T15:44:49.202Z - [32minfo[39m - [32mполучен весь товар[39m
2022-11-09T15:45:17.551Z - [32minfo[39m - [32mполучен весь товар[39m
2022-11-09T15:56:13.207Z - [32minfo[39m - [32mполучен весь товар[39m
2022-11-09T19:35:17.225Z - [32minfo[39m - [32mпользователь уже существует[39m
2022-11-09T19:35:17.230Z - [32minfo[39m - [32mсоздали товар для пользователя по user_id[39m
2022-11-09T19:35:37.551Z - [32minfo[39m - [32mполучен весь товар[39m
2022-11-09T19:36:52.406Z - [32minfo[39m - [32mполучен весь товар[39m
2022-11-09T19:37:26.543Z - [32minfo[39m - [32mполучен весь товар[39m
2022-11-09T19:38:55.706Z - [32minfo[39m - [32mполучен весь товар[39m
2022-11-09T19:39:05.292Z - [32minfo[39m - [32mполучен весь товар[39m
2022-11-09T19:39:13.530Z - [32minfo[39m - [32mполучен весь товар[39m
2022-11-09T19:39:30.194Z - [32minfo[39m - [32mполучен весь товар[39m
2022-11-09T19:41:10.525Z - [32minfo[39m - [32mserver started on port 8080[39m
2022-11-09T19:41:10.597Z - [32minfo[39m - [32mbd connected[39m
2022-11-09T21:18:26.552Z - [32minfo[39m - [32mserver started on port 8080[39m
2022-11-09T21:18:26.629Z - [32minfo[39m - [32mbd connected[39m
2022-11-09T21:18:36.452Z - [32minfo[39m - [32mполучен весь товар[39m
2022-11-09T21:18:36.458Z - [32minfo[39m - [32mполучен весь товар[39m
2022-11-09T21:18:40.021Z - [32minfo[39m - [32mполучен весь товар[39m
2022-11-09T21:18:40.024Z - [32minfo[39m - [32mполучен весь товар[39m
2022-11-09T21:21:36.229Z - [32minfo[39m - [32mполучен весь товар[39m
2022-11-09T21:22:25.999Z - [32minfo[39m - [32mполучен весь товар[39m
2022-11-09T21:22:26.002Z - [32minfo[39m - [32mполучен весь товар[39m
2022-11-09T21:23:02.767Z - [32minfo[39m - [32mполучен весь товар[39m
2022-11-09T21:23:09.744Z - [32minfo[39m - [32mполучен весь товар[39m
2022-11-09T21:30:02.231Z - [32minfo[39m - [32mполучен весь товар[39m
2022-11-09T21:30:16.217Z - [32minfo[39m - [32mполучен весь товар[39m
2022-11-09T21:31:09.520Z - [32minfo[39m - [32mполучен весь товар[39m
2022-11-09T21:31:58.221Z - [32minfo[39m - [32mполучен весь товар[39m
2022-11-09T21:32:47.315Z - [32minfo[39m - [32mполучен весь товар[39m
2022-11-09T21:34:13.600Z - [32minfo[39m - [32mполучен весь товар[39m
2022-11-09T21:34:29.965Z - [32minfo[39m - [32mполучен весь товар[39m
2022-11-09T21:37:56.706Z - [32minfo[39m - [32mполучен весь товар[39m
2022-11-09T21:38:31.219Z - [32minfo[39m - [32mполучен весь товар[39m
2022-11-09T21:40:32.218Z - [32minfo[39m - [32mполучен весь товар[39m
2022-11-09T21:41:31.600Z - [32minfo[39m - [32mпользователь уже существует[39m
2022-11-09T21:41:31.613Z - [32minfo[39m - [32mсоздали товар для пользователя по user_id[39m
2022-11-09T21:54:16.383Z - [32minfo[39m - [32mполучен весь товар[39m
2022-11-09T21:55:12.478Z - [32minfo[39m - [32mполучен весь товар[39m
2022-11-09T21:57:01.569Z - [32minfo[39m - [32mпользователь уже существует[39m
2022-11-09T21:57:01.576Z - [32minfo[39m - [32mсоздали товар для пользователя по user_id[39m
2022-11-09T21:58:06.704Z - [32minfo[39m - [32mполучен весь товар[39m
2022-11-09T21:58:39.647Z - [32minfo[39m - [32mполучен весь товар[39m
2022-11-09T21:58:59.415Z - [32minfo[39m - [32mполучен весь товар[39m
2022-11-09T22:02:30.094Z - [32minfo[39m - [32mполучен весь товар[39m
2022-11-09T22:03:42.373Z - [32minfo[39m - [32mполучен весь товар[39m
2022-11-09T22:04:19.309Z - [32minfo[39m - [32mполучен весь товар[39m
2022-11-09T22:07:49.657Z - [32minfo[39m - [32mполучен весь товар[39m
2022-11-09T22:07:49.661Z - [32minfo[39m - [32mполучен весь товар[39m
2022-11-09T22:07:54.179Z - [32minfo[39m - [32mполучен весь товар[39m
2022-11-09T22:07:54.192Z - [32minfo[39m - [32mполучен весь товар[39m
2022-11-09T22:08:01.269Z - [32minfo[39m - [32mполучен весь товар[39m
2022-11-09T22:08:01.272Z - [32minfo[39m - [32mполучен весь товар[39m
2022-11-09T22:08:04.190Z - [32minfo[39m - [32mполучен весь товар[39m
2022-11-09T22:08:04.192Z - [32minfo[39m - [32mполучен весь товар[39m
2022-11-09T22:08:06.106Z - [32minfo[39m - [32mполучен весь товар[39m
2022-11-09T22:08:06.110Z - [32minfo[39m - [32mполучен весь товар[39m
2022-11-09T22:08:07.787Z - [32minfo[39m - [32mполучен весь товар[39m
2022-11-09T22:08:07.790Z - [32minfo[39m - [32mполучен весь товар[39m
2022-11-09T22:08:08.552Z - [32minfo[39m - [32mполучен весь товар[39m
2022-11-09T22:08:08.555Z - [32minfo[39m - [32mполучен весь товар[39m
2022-11-09T22:08:09.325Z - [32minfo[39m - [32mполучен весь товар[39m
2022-11-09T22:08:09.328Z - [32minfo[39m - [32mполучен весь товар[39m
2022-11-09T22:09:44.502Z - [32minfo[39m - [32mполучен весь товар[39m
2022-11-09T22:09:55.022Z - [32minfo[39m - [32mполучен весь товар[39m
2022-11-09T22:10:02.065Z - [32minfo[39m - [32mполучен весь товар[39m
2022-11-09T22:10:08.832Z - [32minfo[39m - [32mполучен весь товар[39m
2022-11-09T22:11:18.135Z - [32minfo[39m - [32mполучен весь товар[39m
2022-11-09T22:11:51.360Z - [32minfo[39m - [32mполучен весь товар[39m
2022-11-09T22:11:51.364Z - [32minfo[39m - [32mполучен весь товар[39m
2022-11-09T22:16:03.742Z - [32minfo[39m - [32mполучен весь товар[39m
2022-11-09T22:16:52.518Z - [32minfo[39m - [32mСоздали нового пользавателя[39m
2022-11-09T22:16:52.522Z - [31merror[39m - [31mОшибка при создании товара для пользователя по user_id[39m
2022-11-09T22:16:57.542Z - [32minfo[39m - [32mполучен весь товар[39m
2022-11-09T22:17:03.985Z - [32minfo[39m - [32mполучен весь товар[39m
2022-11-09T22:17:10.879Z - [32minfo[39m - [32mполучен весь товар[39m
2022-11-09T22:18:15.701Z - [32minfo[39m - [32mпользователь уже существует[39m
2022-11-09T22:18:15.714Z - [32minfo[39m - [32mсоздали товар для пользователя по user_id[39m
2022-11-09T22:18:50.411Z - [32minfo[39m - [32mполучен весь товар[39m
2022-11-09T22:24:52.224Z - [32minfo[39m - [32mполучен весь товар[39m
2022-11-09T22:29:28.214Z - [32minfo[39m - [32mполучен весь товар[39m
2022-11-09T22:29:28.217Z - [32minfo[39m - [32mполучен весь товар[39m
2022-11-09T22:30:11.333Z - [32minfo[39m - [32mполучен весь товар[39m
2022-11-09T22:30:40.082Z - [32minfo[39m - [32mполучен весь товар[39m
2022-11-09T22:30:40.085Z - [32minfo[39m - [32mполучен весь товар[39m
2022-11-09T22:32:22.304Z - [32minfo[39m - [32mполучен весь товар[39m
2022-11-09T22:32:56.006Z - [32minfo[39m - [32mполучен весь товар[39m
2022-11-09T22:33:36.072Z - [32minfo[39m - [32mпользователь уже существует[39m
2022-11-09T22:33:36.077Z - [32minfo[39m - [32mсоздали товар для пользователя по user_id[39m
2022-11-09T22:35:34.220Z - [32minfo[39m - [32mполучен весь товар[39m
2022-11-09T22:35:54.561Z - [32minfo[39m - [32mполучен весь товар[39m
2022-11-09T22:36:17.900Z - [32minfo[39m - [32mполучен весь товар[39m
2022-11-09T22:39:13.208Z - [32minfo[39m - [32mполучен весь товар[39m
2022-11-09T22:39:31.219Z - [32minfo[39m - [32mполучен весь товар[39m
2022-11-09T22:39:31.226Z - [32minfo[39m - [32mполучен весь товар[39m
2022-11-09T22:39:33.651Z - [32minfo[39m - [32mполучен весь товар[39m
2022-11-09T22:41:08.640Z - [32minfo[39m - [32mполучен весь товар[39m
2022-11-09T22:48:26.319Z - [32minfo[39m - [32mполучен весь товар[39m
2022-11-09T22:48:26.323Z - [32minfo[39m - [32mполучен весь товар[39m
2022-11-09T22:50:31.216Z - [32minfo[39m - [32mполучен весь товар[39m
2022-11-09T22:50:31.218Z - [32minfo[39m - [32mполучен весь товар[39m
2022-11-09T22:53:09.654Z - [32minfo[39m - [32mполучен весь товар[39m
2022-11-09T22:54:59.066Z - [32minfo[39m - [32mсоздали товар для пользователя по user_id[39m
2022-11-09T22:54:59.067Z - [32minfo[39m - [32mпользователь уже существует[39m
2022-11-09T22:55:25.170Z - [32minfo[39m - [32mserver started on port 8080[39m
2022-11-09T22:55:25.240Z - [32minfo[39m - [32mbd connected[39m
2022-11-10T09:48:11.738Z - [32minfo[39m - [32mserver started on port 8080[39m
2022-11-10T09:48:11.814Z - [32minfo[39m - [32mbd connected[39m
2022-11-10T09:48:26.010Z - [32minfo[39m - [32mполучен весь товар[39m
2022-11-10T09:48:26.016Z - [32minfo[39m - [32mполучен весь товар[39m
2022-11-10T09:49:11.045Z - [32minfo[39m - [32mполучен весь товар[39m
2022-11-10T09:51:28.976Z - [32minfo[39m - [32mполучен весь товар[39m
2022-11-10T09:52:40.168Z - [32minfo[39m - [32mполучен весь товар[39m
2022-11-10T09:52:44.387Z - [32minfo[39m - [32mполучен весь товар[39m
2022-11-10T10:05:11.262Z - [32minfo[39m - [32mполучен весь товар[39m
2022-11-10T10:06:14.328Z - [32minfo[39m - [32mполучен весь товар[39m
2022-11-10T10:06:41.218Z - [32minfo[39m - [32mполучен весь товар[39m
2022-11-10T10:06:49.147Z - [32minfo[39m - [32mполучен весь товар[39m
2022-11-10T10:06:51.149Z - [32minfo[39m - [32mполучен весь товар[39m
2022-11-10T10:08:23.213Z - [32minfo[39m - [32mполучен весь товар[39m
2022-11-10T10:08:23.216Z - [32minfo[39m - [32mполучен весь товар[39m
2022-11-10T10:31:30.226Z - [32minfo[39m - [32mполучен весь товар[39m
2022-11-10T10:33:05.546Z - [32minfo[39m - [32mполучен весь товар[39m
2022-11-10T10:33:59.079Z - [32minfo[39m - [32mполучен весь товар[39m
2022-11-10T10:42:09.477Z - [32minfo[39m - [32mserver started on port 8080[39m
2022-11-10T10:42:09.567Z - [32minfo[39m - [32mbd connected[39m
2022-11-10T10:44:58.963Z - [32minfo[39m - [32mполучен весь товар[39m
2022-11-10T10:45:28.433Z - [32minfo[39m - [32mполучен весь товар[39m
2022-11-10T10:45:39.004Z - [32minfo[39m - [32mполучен весь товар[39m
2022-11-10T10:45:44.716Z - [32minfo[39m - [32mполучен весь товар[39m
2022-11-10T10:45:45.490Z - [32minfo[39m - [32mполучен весь товар[39m
2022-11-10T10:46:37.953Z - [32minfo[39m - [32mserver started on port 8080[39m
2022-11-10T10:46:38.037Z - [32minfo[39m - [32mbd connected[39m
2022-11-10T10:47:33.208Z - [32minfo[39m - [32mserver started on port 8080[39m
2022-11-10T10:47:33.292Z - [32minfo[39m - [32mbd connected[39m
2022-11-10T10:49:32.292Z - [32minfo[39m - [32mserver started on port 8080[39m
2022-11-10T10:49:32.374Z - [32minfo[39m - [32mbd connected[39m
2022-11-10T10:51:28.419Z - [32minfo[39m - [32mполучен весь товар[39m
2022-11-10T10:53:00.681Z - [32minfo[39m - [32mполучен весь товар[39m
2022-11-10T10:53:15.812Z - [32minfo[39m - [32mполучен весь товар[39m
2022-11-10T10:53:24.085Z - [32minfo[39m - [32mполучен весь товар[39m
2022-11-10T10:53:28.925Z - [32minfo[39m - [32mполучен весь товар[39m
2022-11-10T10:53:34.865Z - [32minfo[39m - [32mполучен весь товар[39m
2022-11-10T10:54:00.957Z - [32minfo[39m - [32mполучен весь товар[39m
2022-11-10T10:55:05.914Z - [32minfo[39m - [32mполучен весь товар[39m
2022-11-10T10:55:43.717Z - [32minfo[39m - [32mполучен весь товар[39m
2022-11-10T10:56:17.367Z - [32minfo[39m - [32mполучен весь товар[39m
2022-11-10T10:57:00.977Z - [32minfo[39m - [32mполучен весь товар[39m
2022-11-10T10:59:12.607Z - [32minfo[39m - [32mserver started on port 8080[39m
2022-11-10T10:59:12.696Z - [32minfo[39m - [32mbd connected[39m
2022-11-10T11:00:12.727Z - [32minfo[39m - [32mполучен весь товар[39m
2022-11-10T11:00:12.734Z - [32minfo[39m - [32mполучен весь товар[39m
2022-11-10T11:00:25.999Z - [32minfo[39m - [32mполучен весь товар[39m
2022-11-10T11:00:26.002Z - [32minfo[39m - [32mполучен весь товар[39m
2022-11-10T11:01:13.739Z - [32minfo[39m - [32mполучен весь товар[39m
2022-11-10T11:02:08.502Z - [32minfo[39m - [32mполучен весь товар[39m
2022-11-10T11:02:57.661Z - [32minfo[39m - [32mполучен весь товар[39m
2022-11-10T11:02:57.665Z - [32minfo[39m - [32mполучен весь товар[39m
2022-11-10T11:05:22.527Z - [32minfo[39m - [32mполучен весь товар[39m
2022-11-10T11:08:16.924Z - [32minfo[39m - [32mserver started on port 8080[39m
2022-11-10T11:08:16.995Z - [32minfo[39m - [32mbd connected[39m
2022-11-10T11:08:34.616Z - [32minfo[39m - [32mполучен весь товар[39m
2022-11-10T11:08:36.946Z - [32minfo[39m - [32mполучен весь товар[39m
2022-11-10T11:08:36.951Z - [32minfo[39m - [32mполучен весь товар[39m
2022-11-10T11:09:56.494Z - [32minfo[39m - [32mполучен весь товар[39m
2022-11-10T11:10:06.842Z - [32minfo[39m - [32mполучен весь товар[39m
2022-11-10T11:14:18.756Z - [32minfo[39m - [32mполучен весь товар[39m
2022-11-10T11:32:52.316Z - [32minfo[39m - [32mполучен весь товар[39m
2022-11-10T11:40:18.207Z - [32minfo[39m - [32mполучен весь товар[39m
2022-11-10T11:40:27.156Z - [32minfo[39m - [32mполучен весь товар[39m
2022-11-10T13:29:09.719Z - [32minfo[39m - [32mserver started on port 8080[39m
2022-11-10T13:29:09.803Z - [32minfo[39m - [32mbd connected[39m
2022-11-10T14:38:45.345Z - [32minfo[39m - [32mserver started on port 8080[39m
2022-11-10T14:38:45.428Z - [32minfo[39m - [32mbd connected[39m
2022-11-10T14:39:52.896Z - [32minfo[39m - [32mполучен весь товар[39m
2022-11-10T14:39:52.905Z - [32minfo[39m - [32mполучен весь товар[39m
2022-11-10T14:39:55.140Z - [32minfo[39m - [32mполучен весь товар[39m
2022-11-10T14:39:55.146Z - [32minfo[39m - [32mполучен весь товар[39m
2022-11-10T14:40:04.948Z - [32minfo[39m - [32mполучен весь товар[39m
2022-11-10T14:40:38.147Z - [32minfo[39m - [32mполучен весь товар[39m
2022-11-10T14:40:56.043Z - [32minfo[39m - [32mполучен весь товар[39m
2022-11-10T14:48:24.402Z - [32minfo[39m - [32mполучен весь товар[39m
2022-11-10T16:58:21.913Z - [32minfo[39m - [32mполучен весь товар[39m
2022-11-10T17:07:31.287Z - [32minfo[39m - [32mполучен весь товар[39m
2022-11-10T17:08:32.102Z - [32minfo[39m - [32mпользователь уже существует[39m
2022-11-10T17:08:32.118Z - [32minfo[39m - [32mсоздали товар для пользователя по user_id[39m
2022-11-10T17:12:57.190Z - [32minfo[39m - [32mполучен весь товар[39m
2022-11-10T17:17:24.082Z - [32minfo[39m - [32mполучен весь товар[39m
2022-11-10T17:17:24.086Z - [32minfo[39m - [32mполучен весь товар[39m
2022-11-10T17:27:40.587Z - [32minfo[39m - [32mполучен весь товар[39m
2022-11-10T17:27:40.589Z - [32minfo[39m - [32mполучен весь товар[39m
2022-11-10T17:27:51.604Z - [32minfo[39m - [32mполучен весь товар[39m
2022-11-10T17:39:34.941Z - [32minfo[39m - [32mПолучили всех пользователей[39m
2022-11-10T17:39:57.871Z - [32minfo[39m - [32mПолучили всех пользователей[39m
2022-11-10T18:02:21.020Z - [32minfo[39m - [32mполучен весь товар[39m
2022-11-10T18:04:59.174Z - [32minfo[39m - [32mполучен весь товар[39m
2022-11-10T18:05:25.053Z - [32minfo[39m - [32mполучен весь товар[39m
2022-11-10T18:05:31.589Z - [32minfo[39m - [32mполучен весь товар[39m
2022-11-10T18:05:33.296Z - [32minfo[39m - [32mполучен весь товар[39m
2022-11-10T18:09:06.038Z - [32minfo[39m - [32mполучен весь товар[39m
2022-11-10T18:14:58.632Z - [32minfo[39m - [32mполучен весь товар[39m
2022-11-10T18:15:15.983Z - [32minfo[39m - [32mполучен весь товар[39m
2022-11-10T18:30:31.266Z - [32minfo[39m - [32mserver started on port 8080[39m
2022-11-10T18:30:31.336Z - [32minfo[39m - [32mbd connected[39m
2022-11-10T18:30:48.227Z - [32minfo[39m - [32mserver started on port 8080[39m
2022-11-10T18:30:48.305Z - [32minfo[39m - [32mbd connected[39m
2022-11-10T18:30:57.774Z - [32minfo[39m - [32mserver started on port 8080[39m
2022-11-10T18:30:57.852Z - [32minfo[39m - [32mbd connected[39m
2022-11-10T18:32:41.434Z - [32minfo[39m - [32mполучен весь товар[39m
2022-11-10T18:45:46.321Z - [32minfo[39m - [32mserver started on port 8080[39m
2022-11-10T18:45:46.393Z - [32minfo[39m - [32mbd connected[39m
2022-11-10T18:46:19.117Z - [32minfo[39m - [32mserver started on port 8080[39m
2022-11-10T18:46:19.196Z - [32minfo[39m - [32mbd connected[39m
2022-11-10T18:50:39.560Z - [32minfo[39m - [32mполучен весь товар[39m
2022-11-10T18:51:47.326Z - [32minfo[39m - [32mполучен весь товар[39m
2022-11-10T18:56:08.225Z - [32minfo[39m - [32mполучен весь товар[39m
2022-11-10T19:11:04.976Z - [32minfo[39m - [32mserver started on port 8080[39m
2022-11-10T19:11:05.058Z - [32minfo[39m - [32mbd connected[39m
2022-11-10T19:11:14.047Z - info    - server started on port 8080
2022-11-10T19:11:14.223Z - info    - bd connected
2022-11-10T19:11:49.384Z - info    - пользователь уже существует
2022-11-10T19:11:49.390Z - info    - создали товар для пользователя по user_id
2022-11-10T19:12:31.289Z - info    - получен весь товар
2022-11-10T20:01:45.206Z - info    - получен весь товар
2022-11-10T20:01:47.928Z - info    - получен весь товар
2022-11-10T20:01:47.932Z - info    - получен весь товар
2022-11-10T20:02:21.314Z - info    - получен весь товар
2022-11-10T20:07:46.095Z - info    - получен весь товар
2022-11-10T20:07:46.100Z - info    - получен весь товар
2022-11-10T20:09:10.211Z - info    - получен весь товар
2022-11-10T20:16:51.908Z - info    - получен весь товар
2022-11-10T20:16:51.913Z - info    - получен весь товар
2022-11-10T20:17:00.536Z - info    - получен весь товар
2022-11-10T20:18:30.740Z - info    - получен весь товар
2022-11-10T20:20:49.247Z - info    - получен весь товар
2022-11-10T20:21:56.012Z - info    - server started on port 8080
2022-11-10T20:21:56.188Z - info    - bd connected
2022-11-13T17:06:16.419Z - info    - server started on port 8080
2022-11-13T17:06:16.697Z - error   - connection error bd
2022-11-13T17:07:01.081Z - info    - server started on port 8080
2022-11-13T17:07:01.088Z - error   - connection error bd
2022-11-13T17:07:16.235Z - info    - server started on port 8080
2022-11-13T17:07:16.242Z - error   - connection error bd
2022-11-13T17:07:30.307Z - info    - server started on port 8080
2022-11-13T17:07:30.649Z - info    - bd connected
2022-11-13T17:09:08.831Z - info    - Создали нового пользавателя
2022-11-13T17:10:39.290Z - info    - получен весь товар
2022-11-13T17:10:39.364Z - info    - получен весь товар
2022-11-13T17:10:46.094Z - info    - получен весь товар
2022-11-13T17:11:08.483Z - error   - Ошибка при создании товара для пользователя по user_id
2022-11-13T17:11:08.555Z - info    - Создали нового пользавателя
2022-11-13T17:12:08.938Z - info    - пользователь уже существует
2022-11-13T17:12:08.940Z - error   - Ошибка при создании товара для пользователя по user_id
2022-11-13T17:13:28.121Z - info    - server started on port 8080
2022-11-13T17:13:28.388Z - info    - bd connected
2022-11-13T17:13:46.211Z - info    - server started on port 8080
2022-11-13T17:13:46.489Z - info    - bd connected
2022-11-13T17:13:53.249Z - info    - пользователь уже существует
2022-11-13T17:13:53.255Z - error   - Ошибка при создании товара для пользователя по user_id null value in column "date_of_announcement" of relation "ads" violates not-null constraint
2022-11-13T17:14:32.329Z - info    - server started on port 8080
2022-11-13T17:14:32.602Z - info    - bd connected
2022-11-13T17:17:52.831Z - info    - создали товар для пользователя по user_id
2022-11-13T17:17:52.836Z - info    - пользователь уже существует
2022-11-13T17:18:36.995Z - info    - server started on port 8080
2022-11-13T17:18:37.279Z - info    - bd connected
